[2018-05-27T21:24:05,265][INFO ][o.e.n.Node               ] [node-2] initializing ...
[2018-05-27T21:24:06,017][INFO ][o.e.e.NodeEnvironment    ] [node-2] using [1] data paths, mounts [[/ (/dev/sda1)]], net usable_space [7gb], net total_space [15.6gb], spins? [possibly], types [ext4]
[2018-05-27T21:24:06,018][INFO ][o.e.e.NodeEnvironment    ] [node-2] heap size [1.9gb], compressed ordinary object pointers [true]
[2018-05-27T21:24:06,021][INFO ][o.e.n.Node               ] [node-2] node name [node-2], node ID [2k2OP3JURuKcM1JjAWHNeA]
[2018-05-27T21:24:06,021][INFO ][o.e.n.Node               ] [node-2] version[5.4.1], pid[5333], build[2cfe0df/2017-05-29T16:05:51.443Z], OS[Linux/4.4.0-57-generic/amd64], JVM[Oracle Corporation/Java HotSpot(TM) 64-Bit Server VM/1.8.0_171/25.171-b11]
[2018-05-27T21:24:06,022][INFO ][o.e.n.Node               ] [node-2] JVM arguments [-Xms2g, -Xmx2g, -XX:+UseConcMarkSweepGC, -XX:CMSInitiatingOccupancyFraction=75, -XX:+UseCMSInitiatingOccupancyOnly, -XX:+DisableExplicitGC, -XX:+AlwaysPreTouch, -Xss1m, -Djava.awt.headless=true, -Dfile.encoding=UTF-8, -Djna.nosys=true, -Djdk.io.permissionsUseCanonicalPath=true, -Dio.netty.noUnsafe=true, -Dio.netty.noKeySetOptimization=true, -Dio.netty.recycler.maxCapacityPerThread=0, -Dlog4j.shutdownHookEnabled=false, -Dlog4j2.disable.jmx=true, -Dlog4j.skipJansi=true, -XX:+HeapDumpOnOutOfMemoryError, -Des.path.home=/home/lihuijuan114/elasticsearch/elasticsearch-5.4.1]
[2018-05-27T21:24:10,665][INFO ][o.e.p.PluginsService     ] [node-2] loaded module [aggs-matrix-stats]
[2018-05-27T21:24:10,665][INFO ][o.e.p.PluginsService     ] [node-2] loaded module [ingest-common]
[2018-05-27T21:24:10,665][INFO ][o.e.p.PluginsService     ] [node-2] loaded module [lang-expression]
[2018-05-27T21:24:10,665][INFO ][o.e.p.PluginsService     ] [node-2] loaded module [lang-groovy]
[2018-05-27T21:24:10,666][INFO ][o.e.p.PluginsService     ] [node-2] loaded module [lang-mustache]
[2018-05-27T21:24:10,666][INFO ][o.e.p.PluginsService     ] [node-2] loaded module [lang-painless]
[2018-05-27T21:24:10,666][INFO ][o.e.p.PluginsService     ] [node-2] loaded module [percolator]
[2018-05-27T21:24:10,666][INFO ][o.e.p.PluginsService     ] [node-2] loaded module [reindex]
[2018-05-27T21:24:10,666][INFO ][o.e.p.PluginsService     ] [node-2] loaded module [transport-netty3]
[2018-05-27T21:24:10,666][INFO ][o.e.p.PluginsService     ] [node-2] loaded module [transport-netty4]
[2018-05-27T21:24:10,667][INFO ][o.e.p.PluginsService     ] [node-2] no plugins loaded
[2018-05-27T21:24:17,771][INFO ][o.e.d.DiscoveryModule    ] [node-2] using discovery type [zen]
[2018-05-27T21:24:18,719][INFO ][o.e.n.Node               ] [node-2] initialized
[2018-05-27T21:24:18,719][INFO ][o.e.n.Node               ] [node-2] starting ...
[2018-05-27T21:24:19,252][INFO ][o.e.t.TransportService   ] [node-2] publish_address {127.0.0.1:9302}, bound_addresses {[::1]:9302}, {127.0.0.1:9302}
[2018-05-27T21:24:19,288][WARN ][o.e.b.BootstrapChecks    ] [node-2] max file descriptors [4096] for elasticsearch process is too low, increase to at least [65536]
[2018-05-27T21:24:19,288][WARN ][o.e.b.BootstrapChecks    ] [node-2] max virtual memory areas vm.max_map_count [65530] is too low, increase to at least [262144]
[2018-05-27T21:24:22,545][INFO ][o.e.c.s.ClusterService   ] [node-2] new_master {node-2}{2k2OP3JURuKcM1JjAWHNeA}{2ButwCd9QqOYr4j4WNZOpA}{127.0.0.1}{127.0.0.1:9302}, reason: zen-disco-elected-as-master ([0] nodes joined)
[2018-05-27T21:24:22,755][INFO ][o.e.g.GatewayService     ] [node-2] recovered [0] indices into cluster_state
[2018-05-27T21:24:22,809][INFO ][o.e.h.n.Netty4HttpServerTransport] [node-2] publish_address {127.0.0.1:9201}, bound_addresses {[::1]:9201}, {127.0.0.1:9201}
[2018-05-27T21:24:22,825][INFO ][o.e.n.Node               ] [node-2] started
[2018-05-27T22:06:54,108][INFO ][o.e.c.m.MetaDataCreateIndexService] [node-2] [twitter] creating index, cause [auto(bulk api)], templates [], shards [5]/[1], mappings []
[2018-05-27T22:06:55,363][INFO ][o.e.c.m.MetaDataMappingService] [node-2] [twitter/kUvGQKnDTf6_1JwQLfnPSw] create_mapping [tweet]
[2018-05-27T23:24:29,416][WARN ][o.e.m.j.JvmGcMonitorService] [node-2] [gc][young][7200][3] duration [2.3s], collections [1]/[3.1s], total [2.3s]/[2.5s], memory [308.4mb]->[160.3mb]/[1.9gb], all_pools {[young] [266.2mb]->[1.6mb]/[266.2mb]}{[survivor] [33.2mb]->[31mb]/[33.2mb]}{[old] [8.9mb]->[128.3mb]/[1.6gb]}
[2018-05-27T23:24:29,459][WARN ][o.e.m.j.JvmGcMonitorService] [node-2] [gc][7200] overhead, spent [2.3s] collecting in the last [3.1s]
