#
# There is insufficient memory for the Java Runtime Environment to continue.
# Native memory allocation (mmap) failed to map 1798569984 bytes for committing reserved memory.
# Possible reasons:
#   The system is out of physical RAM or swap space
#   In 32 bit mode, the process size limit was hit
# Possible solutions:
#   Reduce memory load on the system
#   Increase physical memory or swap space
#   Check if swap backing store is full
#   Use 64 bit Java on a 64 bit OS
#   Decrease Java heap size (-Xmx/-Xms)
#   Decrease number of Java threads
#   Decrease Java thread stack sizes (-Xss)
#   Set larger code cache with -XX:ReservedCodeCacheSize=
# This output file may be truncated or incomplete.
#
#  Out of Memory Error (os_linux.cpp:2640), pid=18439, tid=0x00007fbd39f86700
#
# JRE version:  (8.0_171-b11) (build )
# Java VM: Java HotSpot(TM) 64-Bit Server VM (25.171-b11 mixed mode linux-amd64 compressed oops)
# Failed to write core dump. Core dumps have been disabled. To enable core dumping, try "ulimit -c unlimited" before starting Java again
#

---------------  T H R E A D  ---------------

Current thread (0x00007fbd3400c800):  JavaThread "Unknown thread" [_thread_in_vm, id=18471, stack(0x00007fbd39e86000,0x00007fbd39f87000)]

Stack: [0x00007fbd39e86000,0x00007fbd39f87000],  sp=0x00007fbd39f85330,  free space=1020k
Native frames: (J=compiled Java code, j=interpreted, Vv=VM code, C=native code)
V  [libjvm.so+0xacfffa]  VMError::report_and_die()+0x2ba
V  [libjvm.so+0x5005cb]  report_vm_out_of_memory(char const*, int, unsigned long, VMErrorType, char const*)+0x8b
V  [libjvm.so+0x92dd93]  os::Linux::commit_memory_impl(char*, unsigned long, bool)+0x123
V  [libjvm.so+0x92dfb9]  os::pd_commit_memory(char*, unsigned long, unsigned long, bool)+0x29
V  [libjvm.so+0x92527a]  os::commit_memory(char*, unsigned long, unsigned long, bool)+0x2a
V  [libjvm.so+0xacbcd9]  VirtualSpace::expand_by(unsigned long, bool)+0x199
V  [libjvm.so+0xacc82e]  VirtualSpace::initialize(ReservedSpace, unsigned long)+0xee
V  [libjvm.so+0x5fed41]  CardGeneration::CardGeneration(ReservedSpace, unsigned long, int, GenRemSet*)+0xf1
V  [libjvm.so+0x4ea77e]  ConcurrentMarkSweepGeneration::ConcurrentMarkSweepGeneration(ReservedSpace, unsigned long, int, CardTableRS*, bool, FreeBlockDictionary<FreeChunk>::DictionaryChoice)+0x4e
V  [libjvm.so+0x5ffe02]  GenerationSpec::init(ReservedSpace, int, GenRemSet*)+0xf2
V  [libjvm.so+0x5eebde]  GenCollectedHeap::initialize()+0x1de
V  [libjvm.so+0xa98033]  Universe::initialize_heap()+0xf3
V  [libjvm.so+0xa9859e]  universe_init()+0x3e
V  [libjvm.so+0x642105]  init_globals()+0x65
V  [libjvm.so+0xa7cd4e]  Threads::create_vm(JavaVMInitArgs*, bool*)+0x23e
V  [libjvm.so+0x6d6e44]  JNI_CreateJavaVM+0x74
C  [libjli.so+0x797e]  JavaMain+0x9e
C  [libpthread.so.0+0x8184]  start_thread+0xc4


---------------  P R O C E S S  ---------------

Java Threads: ( => current thread )

Other Threads:

=>0x00007fbd3400c800 (exited) JavaThread "Unknown thread" [_thread_in_vm, id=18471, stack(0x00007fbd39e86000,0x00007fbd39f87000)]

VM state:not at safepoint (not fully initialized)

VM Mutex/Monitor currently owned by a thread: None

GC Heap History (0 events):
No events

Deoptimization events (0 events):
No events

Classes redefined (0 events):
No events

Internal exceptions (0 events):
No events

Events (0 events):
No events


Dynamic libraries:
00400000-00401000 r-xp 00000000 08:01 33967                              /home/lihuijuan114/java/jdk1.8.0_171/bin/java
00600000-00601000 rw-p 00000000 08:01 33967                              /home/lihuijuan114/java/jdk1.8.0_171/bin/java
00853000-00874000 rw-p 00000000 00:00 0                                  [heap]
80000000-94cc0000 rw-p 00000000 00:00 0 
7fbd0c000000-7fbd0c021000 rw-p 00000000 00:00 0 
7fbd0c021000-7fbd10000000 ---p 00000000 00:00 0 
7fbd10000000-7fbd10021000 rw-p 00000000 00:00 0 
7fbd10021000-7fbd14000000 ---p 00000000 00:00 0 
7fbd14000000-7fbd14021000 rw-p 00000000 00:00 0 
7fbd14021000-7fbd18000000 ---p 00000000 00:00 0 
7fbd1b9a4000-7fbd1b9a5000 ---p 00000000 00:00 0 
7fbd1b9a5000-7fbd1baa5000 rw-p 00000000 00:00 0 
7fbd1c000000-7fbd1c021000 rw-p 00000000 00:00 0 
7fbd1c021000-7fbd20000000 ---p 00000000 00:00 0 
7fbd22e16000-7fbd23549000 rw-p 00000000 00:00 0 
7fbd23549000-7fbd238a2000 ---p 00000000 00:00 0 
7fbd238a2000-7fbd238a3000 rw-p 00000000 00:00 0 
7fbd238a3000-7fbd238a4000 ---p 00000000 00:00 0 
7fbd238a4000-7fbd239a4000 rw-p 00000000 00:00 0 
7fbd239a4000-7fbd239a5000 ---p 00000000 00:00 0 
7fbd239a5000-7fbd23aa5000 rw-p 00000000 00:00 0 
7fbd23aa5000-7fbd23aa6000 ---p 00000000 00:00 0 
7fbd23aa6000-7fbd23bb0000 rw-p 00000000 00:00 0 
7fbd23bb0000-7fbd23f66000 ---p 00000000 00:00 0 
7fbd23f66000-7fbd241d6000 rwxp 00000000 00:00 0 
7fbd241d6000-7fbd32f66000 ---p 00000000 00:00 0 
7fbd32f66000-7fbd32f81000 r-xp 00000000 08:01 162627                     /home/lihuijuan114/java/jdk1.8.0_171/jre/lib/amd64/libzip.so
7fbd32f81000-7fbd33181000 ---p 0001b000 08:01 162627                     /home/lihuijuan114/java/jdk1.8.0_171/jre/lib/amd64/libzip.so
7fbd33181000-7fbd33182000 rw-p 0001b000 08:01 162627                     /home/lihuijuan114/java/jdk1.8.0_171/jre/lib/amd64/libzip.so
7fbd33182000-7fbd3318c000 r-xp 00000000 08:01 159076                     /lib/x86_64-linux-gnu/libnss_files-2.19.so
7fbd3318c000-7fbd3338b000 ---p 0000a000 08:01 159076                     /lib/x86_64-linux-gnu/libnss_files-2.19.so
7fbd3338b000-7fbd3338c000 r--p 00009000 08:01 159076                     /lib/x86_64-linux-gnu/libnss_files-2.19.so
7fbd3338c000-7fbd3338d000 rw-p 0000a000 08:01 159076                     /lib/x86_64-linux-gnu/libnss_files-2.19.so
7fbd3338d000-7fbd33398000 r-xp 00000000 08:01 159065                     /lib/x86_64-linux-gnu/libnss_nis-2.19.so
7fbd33398000-7fbd33597000 ---p 0000b000 08:01 159065                     /lib/x86_64-linux-gnu/libnss_nis-2.19.so
7fbd33597000-7fbd33598000 r--p 0000a000 08:01 159065                     /lib/x86_64-linux-gnu/libnss_nis-2.19.so
7fbd33598000-7fbd33599000 rw-p 0000b000 08:01 159065                     /lib/x86_64-linux-gnu/libnss_nis-2.19.so
7fbd33599000-7fbd335b0000 r-xp 00000000 08:01 159061                     /lib/x86_64-linux-gnu/libnsl-2.19.so
7fbd335b0000-7fbd337af000 ---p 00017000 08:01 159061                     /lib/x86_64-linux-gnu/libnsl-2.19.so
7fbd337af000-7fbd337b0000 r--p 00016000 08:01 159061                     /lib/x86_64-linux-gnu/libnsl-2.19.so
7fbd337b0000-7fbd337b1000 rw-p 00017000 08:01 159061                     /lib/x86_64-linux-gnu/libnsl-2.19.so
7fbd337b1000-7fbd337b3000 rw-p 00000000 00:00 0 
7fbd337b3000-7fbd337bc000 r-xp 00000000 08:01 159060                     /lib/x86_64-linux-gnu/libnss_compat-2.19.so
7fbd337bc000-7fbd339bb000 ---p 00009000 08:01 159060                     /lib/x86_64-linux-gnu/libnss_compat-2.19.so
7fbd339bb000-7fbd339bc000 r--p 00008000 08:01 159060                     /lib/x86_64-linux-gnu/libnss_compat-2.19.so
7fbd339bc000-7fbd339bd000 rw-p 00009000 08:01 159060                     /lib/x86_64-linux-gnu/libnss_compat-2.19.so
7fbd339bd000-7fbd339e8000 r-xp 00000000 08:01 162621                     /home/lihuijuan114/java/jdk1.8.0_171/jre/lib/amd64/libjava.so
7fbd339e8000-7fbd33be7000 ---p 0002b000 08:01 162621                     /home/lihuijuan114/java/jdk1.8.0_171/jre/lib/amd64/libjava.so
7fbd33be7000-7fbd33be9000 rw-p 0002a000 08:01 162621                     /home/lihuijuan114/java/jdk1.8.0_171/jre/lib/amd64/libjava.so
7fbd33be9000-7fbd33bf6000 r-xp 00000000 08:01 162626                     /home/lihuijuan114/java/jdk1.8.0_171/jre/lib/amd64/libverify.so
7fbd33bf6000-7fbd33df6000 ---p 0000d000 08:01 162626                     /home/lihuijuan114/java/jdk1.8.0_171/jre/lib/amd64/libverify.so
7fbd33df6000-7fbd33df8000 rw-p 0000d000 08:01 162626                     /home/lihuijuan114/java/jdk1.8.0_171/jre/lib/amd64/libverify.so
7fbd33df8000-7fbd33dff000 r-xp 00000000 08:01 159072                     /lib/x86_64-linux-gnu/librt-2.19.so
7fbd33dff000-7fbd33ffe000 ---p 00007000 08:01 159072                     /lib/x86_64-linux-gnu/librt-2.19.so
7fbd33ffe000-7fbd33fff000 r--p 00006000 08:01 159072                     /lib/x86_64-linux-gnu/librt-2.19.so
7fbd33fff000-7fbd34000000 rw-p 00007000 08:01 159072                     /lib/x86_64-linux-gnu/librt-2.19.so
7fbd34000000-7fbd3403e000 rw-p 00000000 00:00 0 
7fbd3403e000-7fbd38000000 ---p 00000000 00:00 0 
7fbd38082000-7fbd38187000 r-xp 00000000 08:01 155282                     /lib/x86_64-linux-gnu/libm-2.19.so
7fbd38187000-7fbd38386000 ---p 00105000 08:01 155282                     /lib/x86_64-linux-gnu/libm-2.19.so
7fbd38386000-7fbd38387000 r--p 00104000 08:01 155282                     /lib/x86_64-linux-gnu/libm-2.19.so
7fbd38387000-7fbd38388000 rw-p 00105000 08:01 155282                     /lib/x86_64-linux-gnu/libm-2.19.so
7fbd38388000-7fbd39061000 r-xp 00000000 08:01 162603                     /home/lihuijuan114/java/jdk1.8.0_171/jre/lib/amd64/server/libjvm.so
7fbd39061000-7fbd39260000 ---p 00cd9000 08:01 162603                     /home/lihuijuan114/java/jdk1.8.0_171/jre/lib/amd64/server/libjvm.so
7fbd39260000-7fbd3933a000 rw-p 00cd8000 08:01 162603                     /home/lihuijuan114/java/jdk1.8.0_171/jre/lib/amd64/server/libjvm.so
7fbd3933a000-7fbd39385000 rw-p 00000000 00:00 0 
7fbd39385000-7fbd3953f000 r-xp 00000000 08:01 159073                     /lib/x86_64-linux-gnu/libc-2.19.so
7fbd3953f000-7fbd3973f000 ---p 001ba000 08:01 159073                     /lib/x86_64-linux-gnu/libc-2.19.so
7fbd3973f000-7fbd39743000 r--p 001ba000 08:01 159073                     /lib/x86_64-linux-gnu/libc-2.19.so
7fbd39743000-7fbd39745000 rw-p 001be000 08:01 159073                     /lib/x86_64-linux-gnu/libc-2.19.so
7fbd39745000-7fbd3974a000 rw-p 00000000 00:00 0 
7fbd3974a000-7fbd3974d000 r-xp 00000000 08:01 156905                     /lib/x86_64-linux-gnu/libdl-2.19.so
7fbd3974d000-7fbd3994c000 ---p 00003000 08:01 156905                     /lib/x86_64-linux-gnu/libdl-2.19.so
7fbd3994c000-7fbd3994d000 r--p 00002000 08:01 156905                     /lib/x86_64-linux-gnu/libdl-2.19.so
7fbd3994d000-7fbd3994e000 rw-p 00003000 08:01 156905                     /lib/x86_64-linux-gnu/libdl-2.19.so
7fbd3994e000-7fbd39964000 r-xp 00000000 08:01 35329                      /home/lihuijuan114/java/jdk1.8.0_171/lib/amd64/jli/libjli.so
7fbd39964000-7fbd39b63000 ---p 00016000 08:01 35329                      /home/lihuijuan114/java/jdk1.8.0_171/lib/amd64/jli/libjli.so
7fbd39b63000-7fbd39b64000 rw-p 00015000 08:01 35329                      /home/lihuijuan114/java/jdk1.8.0_171/lib/amd64/jli/libjli.so
7fbd39b64000-7fbd39b7d000 r-xp 00000000 08:01 159062                     /lib/x86_64-linux-gnu/libpthread-2.19.so
7fbd39b7d000-7fbd39d7c000 ---p 00019000 08:01 159062                     /lib/x86_64-linux-gnu/libpthread-2.19.so
7fbd39d7c000-7fbd39d7d000 r--p 00018000 08:01 159062                     /lib/x86_64-linux-gnu/libpthread-2.19.so
7fbd39d7d000-7fbd39d7e000 rw-p 00019000 08:01 159062                     /lib/x86_64-linux-gnu/libpthread-2.19.so
7fbd39d7e000-7fbd39d82000 rw-p 00000000 00:00 0 
7fbd39d82000-7fbd39da5000 r-xp 00000000 08:01 159063                     /lib/x86_64-linux-gnu/ld-2.19.so
7fbd39e86000-7fbd39e89000 ---p 00000000 00:00 0 
7fbd39e89000-7fbd39f8b000 rw-p 00000000 00:00 0 
7fbd39f95000-7fbd39f98000 rw-p 00000000 00:00 0 
7fbd39f98000-7fbd39fa0000 rw-s 00000000 08:01 713215                     /tmp/hsperfdata_lihuijuan114/18439
7fbd39fa0000-7fbd39fa1000 rw-p 00000000 00:00 0 
7fbd39fa1000-7fbd39fa2000 r--p 00000000 00:00 0 
7fbd39fa2000-7fbd39fa4000 rw-p 00000000 00:00 0 
7fbd39fa4000-7fbd39fa5000 r--p 00022000 08:01 159063                     /lib/x86_64-linux-gnu/ld-2.19.so
7fbd39fa5000-7fbd39fa6000 rw-p 00023000 08:01 159063                     /lib/x86_64-linux-gnu/ld-2.19.so
7fbd39fa6000-7fbd39fa7000 rw-p 00000000 00:00 0 
7ffd9c6f8000-7ffd9c71a000 rw-p 00000000 00:00 0                          [stack]
7ffd9c762000-7ffd9c764000 r--p 00000000 00:00 0                          [vvar]
7ffd9c764000-7ffd9c766000 r-xp 00000000 00:00 0                          [vdso]
ffffffffff600000-ffffffffff601000 r-xp 00000000 00:00 0                  [vsyscall]

VM Arguments:
jvm_args: -Xms2g -Xmx2g -XX:+UseConcMarkSweepGC -XX:CMSInitiatingOccupancyFraction=75 -XX:+UseCMSInitiatingOccupancyOnly -XX:+DisableExplicitGC -XX:+AlwaysPreTouch -Xss1m -Djava.awt.headless=true -Dfile.encoding=UTF-8 -Djna.nosys=true -Djdk.io.permissionsUseCanonicalPath=true -Dio.netty.noUnsafe=true -Dio.netty.noKeySetOptimization=true -Dio.netty.recycler.maxCapacityPerThread=0 -Dlog4j.shutdownHookEnabled=false -Dlog4j2.disable.jmx=true -Dlog4j.skipJansi=true -XX:+HeapDumpOnOutOfMemoryError -Des.path.home=/home/lihuijuan114/elasticsearch/elasticsearch-5.4.1 
java_command: org.elasticsearch.bootstrap.Elasticsearch
java_class_path (initial): /home/lihuijuan114/elasticsearch/elasticsearch-5.4.1/lib/jackson-core-2.8.6.jar:/home/lihuijuan114/elasticsearch/elasticsearch-5.4.1/lib/java-version-checker-5.4.1.jar:/home/lihuijuan114/elasticsearch/elasticsearch-5.4.1/lib/snakeyaml-1.15.jar:/home/lihuijuan114/elasticsearch/elasticsearch-5.4.1/lib/log4j-core-2.8.2.jar:/home/lihuijuan114/elasticsearch/elasticsearch-5.4.1/lib/jackson-dataformat-smile-2.8.6.jar:/home/lihuijuan114/elasticsearch/elasticsearch-5.4.1/lib/lucene-sandbox-6.5.1.jar:/home/lihuijuan114/elasticsearch/elasticsearch-5.4.1/lib/log4j-1.2-api-2.8.2.jar:/home/lihuijuan114/elasticsearch/elasticsearch-5.4.1/lib/HdrHistogram-2.1.9.jar:/home/lihuijuan114/elasticsearch/elasticsearch-5.4.1/lib/lucene-suggest-6.5.1.jar:/home/lihuijuan114/elasticsearch/elasticsearch-5.4.1/lib/lucene-join-6.5.1.jar:/home/lihuijuan114/elasticsearch/elasticsearch-5.4.1/lib/jackson-dataformat-yaml-2.8.6.jar:/home/lihuijuan114/elasticsearch/elasticsearch-5.4.1/lib/lucene-core-6.5.1.jar:/home/lihuijuan114/elasticsearch/elasticsearch-5.4.1/lib/t-digest-3.0.jar:/home/lihuijuan114/elasticsearch/elasticsearch-5.4.1/lib/lucene-analyzers-common-6.5.1.jar:/home/lihuijuan114/elasticsearch/elasticsearch-5.4.1/lib/elasticsearch-5.4.1.jar:/home/lihuijuan114/elasticsearch/elasticsearch-5.4.1/lib/jackson-dataformat-cbor-2.8.6.jar:/home/lihuijuan114/elasticsearch/elasticsearch-5.4.1/lib/lucene-queries-6.5.1.jar:/home/lihuijuan114/elasticsearch/elasticsearch-5.4.1/lib/jts-1.13.jar:/home/lihuijuan114/elasticsearch/elasticsearch-5.4.1/lib/joda-time-2.9.5.jar:/home/lihuijuan114/elasticsearch/elasticsearch-5.4.1/lib/securesm-1.1.jar:/home/lihuijuan114/elasticsearch/elasticsearch-5.4.1/lib/lucene-queryparser-6.5.1.jar:/home/lihuijuan114/elasticsearch/elasticsearch-5.4.1/lib/lucene-memory-6.5.1.jar:/home/lihuijuan114/elasticsearch/elasticsearch-5.4.1/lib/log4j-api-2.8.2.jar:/home/lihuijuan114/elasticsearch/elasticsearch-5.4.1/lib/lucene-highlighter-6.5.1.jar:/home/lihuiju
Launcher Type: SUN_STANDARD

Environment Variables:
JAVA_HOME=/home/lihuijuan114/java/jdk1.8.0_171
CLASSPATH=/home/lihuijuan114/java/jdk1.8.0_171/lib/
PATH=/usr/local/sbin:/usr/local/bin:/usr/sbin:/usr/bin:/sbin:/bin:/usr/games:/usr/local/games:/home/lihuijuan114/java/jdk1.8.0_171/bin
SHELL=/bin/bash
DISPLAY=:0

Signal Handlers:
SIGSEGV: [libjvm.so+0xad0890], sa_mask[0]=11111111011111111101111111111110, sa_flags=SA_RESTART|SA_SIGINFO
SIGBUS: [libjvm.so+0xad0890], sa_mask[0]=11111111011111111101111111111110, sa_flags=SA_RESTART|SA_SIGINFO
SIGFPE: [libjvm.so+0x928640], sa_mask[0]=11111111011111111101111111111110, sa_flags=SA_RESTART|SA_SIGINFO
SIGPIPE: [libjvm.so+0x928640], sa_mask[0]=11111111011111111101111111111110, sa_flags=SA_RESTART|SA_SIGINFO
SIGXFSZ: [libjvm.so+0x928640], sa_mask[0]=11111111011111111101111111111110, sa_flags=SA_RESTART|SA_SIGINFO
SIGILL: [libjvm.so+0x928640], sa_mask[0]=11111111011111111101111111111110, sa_flags=SA_RESTART|SA_SIGINFO
SIGUSR1: SIG_DFL, sa_mask[0]=00000000000000000000000000000000, sa_flags=none
SIGUSR2: [libjvm.so+0x929ea0], sa_mask[0]=00000000000000000000000000000000, sa_flags=SA_RESTART|SA_SIGINFO
SIGHUP: SIG_DFL, sa_mask[0]=00000000000000000000000000000000, sa_flags=none
SIGINT: SIG_DFL, sa_mask[0]=00000000000000000000000000000000, sa_flags=none
SIGTERM: SIG_DFL, sa_mask[0]=00000000000000000000000000000000, sa_flags=none
SIGQUIT: SIG_DFL, sa_mask[0]=00000000000000000000000000000000, sa_flags=none


---------------  S Y S T E M  ---------------

OS:DISTRIB_ID=Ubuntu
DISTRIB_RELEASE=14.04
DISTRIB_CODENAME=trusty
DISTRIB_DESCRIPTION="Ubuntu 14.04.5 LTS"

uname:Linux 4.4.0-57-generic #78~14.04.1-Ubuntu SMP Sat Dec 10 00:14:47 UTC 2016 x86_64
libc:glibc 2.19 NPTL 2.19 
rlimit: STACK 8192k, CORE 0k, NPROC 15639, NOFILE 4096, AS infinity
load average:6.55 2.59 1.59

/proc/meminfo:
MemTotal:        4028464 kB
MemFree:          111444 kB
MemAvailable:      20016 kB
Buffers:             592 kB
Cached:            34392 kB
SwapCached:        31660 kB
Active:          2418544 kB
Inactive:         909744 kB
Active(anon):    2405312 kB
Inactive(anon):   893308 kB
Active(file):      13232 kB
Inactive(file):    16436 kB
Unevictable:          32 kB
Mlocked:              32 kB
SwapTotal:       4192252 kB
SwapFree:        1143228 kB
Dirty:                48 kB
Writeback:             0 kB
AnonPages:       3264744 kB
Mapped:            27584 kB
Shmem:              4872 kB
Slab:              79836 kB
SReclaimable:      28736 kB
SUnreclaim:        51100 kB
KernelStack:       10624 kB
PageTables:        38736 kB
NFS_Unstable:          0 kB
Bounce:                0 kB
WritebackTmp:          0 kB
CommitLimit:     6206484 kB
Committed_AS:    8896480 kB
VmallocTotal:   34359738367 kB
VmallocUsed:           0 kB
VmallocChunk:          0 kB
HardwareCorrupted:     0 kB
AnonHugePages:    755712 kB
CmaTotal:              0 kB
CmaFree:               0 kB
HugePages_Total:       0
HugePages_Free:        0
HugePages_Rsvd:        0
HugePages_Surp:        0
Hugepagesize:       2048 kB
DirectMap4k:      161600 kB
DirectMap2M:     4032512 kB
DirectMap1G:     2097152 kB


CPU:total 4 (initial active 4) (2 cores per cpu, 1 threads per core) family 6 model 63 stepping 2, cmov, cx8, fxsr, mmx, sse, sse2, sse3, ssse3, sse4.1, sse4.2, popcnt, avx, avx2, aes, clmul, erms, lzcnt, tsc, tscinvbit, bmi1, bmi2

/proc/cpuinfo:
processor	: 0
vendor_id	: GenuineIntel
cpu family	: 6
model		: 63
model name	: Intel(R) Xeon(R) CPU E5-1620 v3 @ 3.50GHz
stepping	: 2
microcode	: 0x3a
cpu MHz		: 3501.000
cache size	: 10240 KB
physical id	: 0
siblings	: 2
core id		: 0
cpu cores	: 2
apicid		: 0
initial apicid	: 0
fpu		: yes
fpu_exception	: yes
cpuid level	: 15
wp		: yes
flags		: fpu vme de pse tsc msr pae mce cx8 apic sep mtrr pge mca cmov pat pse36 clflush dts mmx fxsr sse sse2 ss ht syscall nx pdpe1gb rdtscp lm constant_tsc arch_perfmon pebs bts nopl xtopology tsc_reliable nonstop_tsc aperfmperf eagerfpu pni pclmulqdq ssse3 fma cx16 pcid sse4_1 sse4_2 x2apic movbe popcnt tsc_deadline_timer aes xsave avx f16c rdrand hypervisor lahf_lm abm epb fsgsbase tsc_adjust bmi1 avx2 smep bmi2 invpcid xsaveopt dtherm ida arat pln pts
bugs		:
bogomips	: 7002.00
clflush size	: 64
cache_alignment	: 64
address sizes	: 42 bits physical, 48 bits virtual
power management:

processor	: 1
vendor_id	: GenuineIntel
cpu family	: 6
model		: 63
model name	: Intel(R) Xeon(R) CPU E5-1620 v3 @ 3.50GHz
stepping	: 2
microcode	: 0x3a
cpu MHz		: 3501.000
cache size	: 10240 KB
physical id	: 0
siblings	: 2
core id		: 1
cpu cores	: 2
apicid		: 1
initial apicid	: 1
fpu		: yes
fpu_exception	: yes
cpuid level	: 15
wp		: yes
flags		: fpu vme de pse tsc msr pae mce cx8 apic sep mtrr pge mca cmov pat pse36 clflush dts mmx fxsr sse sse2 ss ht syscall nx pdpe1gb rdtscp lm constant_tsc arch_perfmon pebs bts nopl xtopology tsc_reliable nonstop_tsc aperfmperf eagerfpu pni pclmulqdq ssse3 fma cx16 pcid sse4_1 sse4_2 x2apic movbe popcnt tsc_deadline_timer aes xsave avx f16c rdrand hypervisor lahf_lm abm epb fsgsbase tsc_adjust bmi1 avx2 smep bmi2 invpcid xsaveopt dtherm ida arat pln pts
bugs		:
bogomips	: 7002.00
clflush size	: 64
cache_alignment	: 64
address sizes	: 42 bits physical, 48 bits virtual
power management:

processor	: 2
vendor_id	: GenuineIntel
cpu family	: 6
model		: 63
model name	: Intel(R) Xeon(R) CPU E5-1620 v3 @ 3.50GHz
stepping	: 2
microcode	: 0x3a
cpu MHz		: 3501.000
cache size	: 10240 KB
physical id	: 1
siblings	: 2
core id		: 0
cpu cores	: 2
apicid		: 2
initial apicid	: 2
fpu		: yes
fpu_exception	: yes
cpuid level	: 15
wp		: yes
flags		: fpu vme de pse tsc msr pae mce cx8 apic sep mtrr pge mca cmov pat pse36 clflush dts mmx fxsr sse sse2 ss ht syscall nx pdpe1gb rdtscp lm constant_tsc arch_perfmon pebs bts nopl xtopology tsc_reliable nonstop_tsc aperfmperf eagerfpu pni pclmulqdq ssse3 fma cx16 pcid sse4_1 sse4_2 x2apic movbe popcnt tsc_deadline_timer aes xsave avx f16c rdrand hypervisor lahf_lm abm epb fsgsbase tsc_adjust bmi1 avx2 smep bmi2 invpcid xsaveopt dtherm ida arat pln pts
bugs		:
bogomips	: 7002.00
clflush size	: 64
cache_alignment	: 64
address sizes	: 42 bits physical, 48 bits virtual
power management:

processor	: 3
vendor_id	: GenuineIntel
cpu family	: 6
model		: 63
model name	: Intel(R) Xeon(R) CPU E5-1620 v3 @ 3.50GHz
stepping	: 2
microcode	: 0x3a
cpu MHz		: 3501.000
cache size	: 10240 KB
physical id	: 1
siblings	: 2
core id		: 1
cpu cores	: 2
apicid		: 3
initial apicid	: 3
fpu		: yes
fpu_exception	: yes
cpuid level	: 15
wp		: yes
flags		: fpu vme de pse tsc msr pae mce cx8 apic sep mtrr pge mca cmov pat pse36 clflush dts mmx fxsr sse sse2 ss ht syscall nx pdpe1gb rdtscp lm constant_tsc arch_perfmon pebs bts nopl xtopology tsc_reliable nonstop_tsc aperfmperf eagerfpu pni pclmulqdq ssse3 fma cx16 pcid sse4_1 sse4_2 x2apic movbe popcnt tsc_deadline_timer aes xsave avx f16c rdrand hypervisor lahf_lm abm epb fsgsbase tsc_adjust bmi1 avx2 smep bmi2 invpcid xsaveopt dtherm ida arat pln pts
bugs		:
bogomips	: 7002.00
clflush size	: 64
cache_alignment	: 64
address sizes	: 42 bits physical, 48 bits virtual
power management:



Memory: 4k page, physical 4028464k(111444k free), swap 4192252k(1143228k free)

vm_info: Java HotSpot(TM) 64-Bit Server VM (25.171-b11) for linux-amd64 JRE (1.8.0_171-b11), built on Mar 28 2018 17:07:08 by "java_re" with gcc 4.3.0 20080428 (Red Hat 4.3.0-8)

time: Tue May 29 14:16:32 2018
elapsed time: 5 seconds (0d 0h 0m 5s)

